# JRE version: Java(TM) SE Runtime Environment (8.0_291-b10) (build 1.8.0_291-b10)
# Java VM: Java HotSpot(TM) 64-Bit Server VM (25.291-b10 mixed mode windows-amd64 compressed oops)
Heap:
 PSYoungGen      total 284672K, used 5642K [0x00000000eab00000, 0x00000000fd600000, 0x0000000100000000)
  eden space 263168K, 2% used [0x00000000eab00000,0x00000000eb082bd0,0x00000000fac00000)
  from space 21504K, 0% used [0x00000000fac00000,0x00000000fac00000,0x00000000fc100000)
  to   space 21504K, 0% used [0x00000000fc100000,0x00000000fc100000,0x00000000fd600000)
 ParOldGen       total 349696K, used 72462K [0x00000000c0000000, 0x00000000d5580000, 0x00000000eab00000)
  object space 349696K, 20% used [0x00000000c0000000,0x00000000c46c3888,0x00000000d5580000)
 Metaspace       used 13632K, capacity 14298K, committed 14592K, reserved 1060864K
  class space    used 2047K, capacity 2214K, committed 2304K, reserved 1048576K
GC Heap History (10 events):
Event: 3.648 GC heap before
{Heap before GC invocations=20 (full 9):
 PSYoungGen      total 284672K, used 10144K [0x00000000eab00000, 0x00000000fd600000, 0x0000000100000000)
  eden space 263168K, 0% used [0x00000000eab00000,0x00000000eab00000,0x00000000fac00000)
  from space 21504K, 47% used [0x00000000fac00000,0x00000000fb5e8000,0x00000000fc100000)
  to   space 21504K, 0% used [0x00000000fc100000,0x00000000fc100000,0x00000000fd600000)
 ParOldGen       total 349696K, used 57913K [0x00000000c0000000, 0x00000000d5580000, 0x00000000eab00000)
  object space 349696K, 16% used [0x00000000c0000000,0x00000000c388e610,0x00000000d5580000)
 Metaspace       used 13422K, capacity 14044K, committed 14336K, reserved 1060864K
  class space    used 2027K, capacity 2177K, committed 2304K, reserved 1048576K
Event: 3.790 GC heap after
Heap after GC invocations=20 (full 9):
 PSYoungGen      total 284672K, used 0K [0x00000000eab00000, 0x00000000fd600000, 0x0000000100000000)
  eden space 263168K, 0% used [0x00000000eab00000,0x00000000eab00000,0x00000000fac00000)
  from space 21504K, 0% used [0x00000000fac00000,0x00000000fac00000,0x00000000fc100000)
  to   space 21504K, 0% used [0x00000000fc100000,0x00000000fc100000,0x00000000fd600000)
 ParOldGen       total 349696K, used 67496K [0x00000000c0000000, 0x00000000d5580000, 0x00000000eab00000)
  object space 349696K, 19% used [0x00000000c0000000,0x00000000c41ea2c0,0x00000000d5580000)
 Metaspace       used 13422K, capacity 14044K, committed 14336K, reserved 1060864K
  class space    used 2027K, capacity 2177K, committed 2304K, reserved 1048576K
}
Event: 3.876 GC heap before
{Heap before GC invocations=21 (full 9):
 PSYoungGen      total 284672K, used 79446K [0x00000000eab00000, 0x00000000fd600000, 0x0000000100000000)
  eden space 263168K, 30% used [0x00000000eab00000,0x00000000ef895a48,0x00000000fac00000)
  from space 21504K, 0% used [0x00000000fac00000,0x00000000fac00000,0x00000000fc100000)
  to   space 21504K, 0% used [0x00000000fc100000,0x00000000fc100000,0x00000000fd600000)
 ParOldGen       total 349696K, used 67496K [0x00000000c0000000, 0x00000000d5580000, 0x00000000eab00000)
  object space 349696K, 19% used [0x00000000c0000000,0x00000000c41ea2c0,0x00000000d5580000)
 Metaspace       used 13422K, capacity 14044K, committed 14336K, reserved 1060864K
  class space    used 2027K, capacity 2177K, committed 2304K, reserved 1048576K
Event: 3.880 GC heap after
Heap after GC invocations=21 (full 9):
 PSYoungGen      total 284672K, used 9184K [0x00000000eab00000, 0x00000000fd600000, 0x0000000100000000)
  eden space 263168K, 0% used [0x00000000eab00000,0x00000000eab00000,0x00000000fac00000)
  from space 21504K, 42% used [0x00000000fc100000,0x00000000fc9f8000,0x00000000fd600000)
  to   space 21504K, 0% used [0x00000000fac00000,0x00000000fac00000,0x00000000fc100000)
 ParOldGen       total 349696K, used 67496K [0x00000000c0000000, 0x00000000d5580000, 0x00000000eab00000)
  object space 349696K, 19% used [0x00000000c0000000,0x00000000c41ea2c0,0x00000000d5580000)
 Metaspace       used 13422K, capacity 14044K, committed 14336K, reserved 1060864K
  class space    used 2027K, capacity 2177K, committed 2304K, reserved 1048576K
}
Event: 3.880 GC heap before
{Heap before GC invocations=22 (full 10):
 PSYoungGen      total 284672K, used 9184K [0x00000000eab00000, 0x00000000fd600000, 0x0000000100000000)
  eden space 263168K, 0% used [0x00000000eab00000,0x00000000eab00000,0x00000000fac00000)
  from space 21504K, 42% used [0x00000000fc100000,0x00000000fc9f8000,0x00000000fd600000)
  to   space 21504K, 0% used [0x00000000fac00000,0x00000000fac00000,0x00000000fc100000)
 ParOldGen       total 349696K, used 67496K [0x00000000c0000000, 0x00000000d5580000, 0x00000000eab00000)
  object space 349696K, 19% used [0x00000000c0000000,0x00000000c41ea2c0,0x00000000d5580000)
 Metaspace       used 13422K, capacity 14044K, committed 14336K, reserved 1060864K
  class space    used 2027K, capacity 2177K, committed 2304K, reserved 1048576K
Event: 4.020 GC heap after
Heap after GC invocations=22 (full 10):
 PSYoungGen      total 284672K, used 0K [0x00000000eab00000, 0x00000000fd600000, 0x0000000100000000)
  eden space 263168K, 0% used [0x00000000eab00000,0x00000000eab00000,0x00000000fac00000)
  from space 21504K, 0% used [0x00000000fc100000,0x00000000fc100000,0x00000000fd600000)
  to   space 21504K, 0% used [0x00000000fac00000,0x00000000fac00000,0x00000000fc100000)
 ParOldGen       total 349696K, used 75573K [0x00000000c0000000, 0x00000000d5580000, 0x00000000eab00000)
  object space 349696K, 21% used [0x00000000c0000000,0x00000000c49cd640,0x00000000d5580000)
 Metaspace       used 13422K, capacity 14044K, committed 14336K, reserved 1060864K
  class space    used 2027K, capacity 2177K, committed 2304K, reserved 1048576K
}
Event: 4.093 GC heap before
{Heap before GC invocations=23 (full 10):
 PSYoungGen      total 284672K, used 27034K [0x00000000eab00000, 0x00000000fd600000, 0x0000000100000000)
  eden space 263168K, 10% used [0x00000000eab00000,0x00000000ec566aa8,0x00000000fac00000)
  from space 21504K, 0% used [0x00000000fc100000,0x00000000fc100000,0x00000000fd600000)
  to   space 21504K, 0% used [0x00000000fac00000,0x00000000fac00000,0x00000000fc100000)
 ParOldGen       total 349696K, used 75573K [0x00000000c0000000, 0x00000000d5580000, 0x00000000eab00000)
  object space 349696K, 21% used [0x00000000c0000000,0x00000000c49cd640,0x00000000d5580000)
 Metaspace       used 13628K, capacity 14298K, committed 14592K, reserved 1060864K
  class space    used 2045K, capacity 2214K, committed 2304K, reserved 1048576K
Event: 4.095 GC heap after
Heap after GC invocations=23 (full 10):
 PSYoungGen      total 284672K, used 2891K [0x00000000eab00000, 0x00000000fd600000, 0x0000000100000000)
  eden space 263168K, 0% used [0x00000000eab00000,0x00000000eab00000,0x00000000fac00000)
  from space 21504K, 13% used [0x00000000fac00000,0x00000000faed2cc0,0x00000000fc100000)
  to   space 21504K, 0% used [0x00000000fc100000,0x00000000fc100000,0x00000000fd600000)
 ParOldGen       total 349696K, used 75581K [0x00000000c0000000, 0x00000000d5580000, 0x00000000eab00000)
  object space 349696K, 21% used [0x00000000c0000000,0x00000000c49cf640,0x00000000d5580000)
 Metaspace       used 13628K, capacity 14298K, committed 14592K, reserved 1060864K
  class space    used 2045K, capacity 2214K, committed 2304K, reserved 1048576K
}
Event: 4.095 GC heap before
{Heap before GC invocations=24 (full 11):
 PSYoungGen      total 284672K, used 2891K [0x00000000eab00000, 0x00000000fd600000, 0x0000000100000000)
  eden space 263168K, 0% used [0x00000000eab00000,0x00000000eab00000,0x00000000fac00000)
  from space 21504K, 13% used [0x00000000fac00000,0x00000000faed2cc0,0x00000000fc100000)
  to   space 21504K, 0% used [0x00000000fc100000,0x00000000fc100000,0x00000000fd600000)
 ParOldGen       total 349696K, used 75581K [0x00000000c0000000, 0x00000000d5580000, 0x00000000eab00000)
  object space 349696K, 21% used [0x00000000c0000000,0x00000000c49cf640,0x00000000d5580000)
 Metaspace       used 13628K, capacity 14298K, committed 14592K, reserved 1060864K
  class space    used 2045K, capacity 2214K, committed 2304K, reserved 1048576K
Event: 4.225 GC heap after
Heap after GC invocations=24 (full 11):
 PSYoungGen      total 284672K, used 0K [0x00000000eab00000, 0x00000000fd600000, 0x0000000100000000)
  eden space 263168K, 0% used [0x00000000eab00000,0x00000000eab00000,0x00000000fac00000)
  from space 21504K, 0% used [0x00000000fac00000,0x00000000fac00000,0x00000000fc100000)
  to   space 21504K, 0% used [0x00000000fc100000,0x00000000fc100000,0x00000000fd600000)
 ParOldGen       total 349696K, used 72462K [0x00000000c0000000, 0x00000000d5580000, 0x00000000eab00000)
  object space 349696K, 20% used [0x00000000c0000000,0x00000000c46c3888,0x00000000d5580000)
 Metaspace       used 13628K, capacity 14298K, committed 14592K, reserved 1060864K
  class space    used 2045K, capacity 2214K, committed 2304K, reserved 1048576K
}

