# JRE version: OpenJDK Runtime Environment 18.9 (11.0.12+7) (build 11.0.12+7-LTS)
# Java VM: OpenJDK 64-Bit Server VM 18.9 (11.0.12+7-LTS, mixed mode, tiered, compressed oops, g1 gc, windows-amd64)
Heap:
 garbage-first heap   total 338944K, used 95004K [0x00000000c0000000, 0x0000000100000000)
  region size 1024K, 16 young (16384K), 16 survivors (16384K)
 Metaspace       used 16152K, capacity 16546K, committed 16640K, reserved 1062912K
  class space    used 2123K, capacity 2293K, committed 2304K, reserved 1048576K
GC Heap History (20 events):
Event: 0.994 GC heap after
{Heap after GC invocations=9 (full 2):
 garbage-first heap   total 30720K, used 6388K [0x00000000c0000000, 0x0000000100000000)
  region size 1024K, 1 young (1024K), 1 survivors (1024K)
 Metaspace       used 11074K, capacity 11269K, committed 11520K, reserved 1058816K
  class space    used 1183K, capacity 1241K, committed 1280K, reserved 1048576K
}
Event: 1.061 GC heap before
{Heap before GC invocations=9 (full 2):
 garbage-first heap   total 30720K, used 8436K [0x00000000c0000000, 0x0000000100000000)
  region size 1024K, 4 young (4096K), 1 survivors (1024K)
 Metaspace       used 12015K, capacity 12171K, committed 12288K, reserved 1060864K
  class space    used 1419K, capacity 1500K, committed 1536K, reserved 1048576K
}
Event: 1.070 GC heap after
{Heap after GC invocations=10 (full 3):
 garbage-first heap   total 27648K, used 6366K [0x00000000c0000000, 0x0000000100000000)
  region size 1024K, 0 young (0K), 0 survivors (0K)
 Metaspace       used 12015K, capacity 12171K, committed 12288K, reserved 1060864K
  class space    used 1419K, capacity 1500K, committed 1536K, reserved 1048576K
}
Event: 1.362 GC heap before
{Heap before GC invocations=10 (full 3):
 garbage-first heap   total 27648K, used 15582K [0x00000000c0000000, 0x0000000100000000)
  region size 1024K, 10 young (10240K), 0 survivors (0K)
 Metaspace       used 13555K, capacity 13768K, committed 13824K, reserved 1060864K
  class space    used 1675K, capacity 1774K, committed 1792K, reserved 1048576K
}
Event: 1.366 GC heap after
{Heap after GC invocations=11 (full 3):
 garbage-first heap   total 27648K, used 9014K [0x00000000c0000000, 0x0000000100000000)
  region size 1024K, 2 young (2048K), 2 survivors (2048K)
 Metaspace       used 13555K, capacity 13768K, committed 13824K, reserved 1060864K
  class space    used 1675K, capacity 1774K, committed 1792K, reserved 1048576K
}
Event: 1.440 GC heap before
{Heap before GC invocations=11 (full 3):
 garbage-first heap   total 27648K, used 13110K [0x00000000c0000000, 0x0000000100000000)
  region size 1024K, 5 young (5120K), 2 survivors (2048K)
 Metaspace       used 13564K, capacity 13832K, committed 14080K, reserved 1060864K
  class space    used 1675K, capacity 1774K, committed 1792K, reserved 1048576K
}
Event: 1.452 GC heap after
{Heap after GC invocations=12 (full 4):
 garbage-first heap   total 27648K, used 11036K [0x00000000c0000000, 0x0000000100000000)
  region size 1024K, 0 young (0K), 0 survivors (0K)
 Metaspace       used 13564K, capacity 13832K, committed 14080K, reserved 1060864K
  class space    used 1675K, capacity 1774K, committed 1792K, reserved 1048576K
}
Event: 1.621 GC heap before
{Heap before GC invocations=12 (full 4):
 garbage-first heap   total 27648K, used 18204K [0x00000000c0000000, 0x0000000100000000)
  region size 1024K, 6 young (6144K), 0 survivors (0K)
 Metaspace       used 13580K, capacity 13832K, committed 14080K, reserved 1060864K
  class space    used 1675K, capacity 1774K, committed 1792K, reserved 1048576K
}
Event: 1.624 GC heap after
{Heap after GC invocations=13 (full 4):
 garbage-first heap   total 27648K, used 14434K [0x00000000c0000000, 0x0000000100000000)
  region size 1024K, 1 young (1024K), 1 survivors (1024K)
 Metaspace       used 13580K, capacity 13832K, committed 14080K, reserved 1060864K
  class space    used 1675K, capacity 1774K, committed 1792K, reserved 1048576K
}
Event: 1.805 GC heap before
{Heap before GC invocations=14 (full 4):
 garbage-first heap   total 27648K, used 21602K [0x00000000c0000000, 0x0000000100000000)
  region size 1024K, 6 young (6144K), 1 survivors (1024K)
 Metaspace       used 13584K, capacity 13832K, committed 14080K, reserved 1060864K
  class space    used 1675K, capacity 1774K, committed 1792K, reserved 1048576K
}
Event: 1.818 GC heap after
{Heap after GC invocations=15 (full 4):
 garbage-first heap   total 275456K, used 17821K [0x00000000c0000000, 0x0000000100000000)
  region size 1024K, 1 young (1024K), 1 survivors (1024K)
 Metaspace       used 13584K, capacity 13832K, committed 14080K, reserved 1060864K
  class space    used 1675K, capacity 1774K, committed 1792K, reserved 1048576K
}
Event: 2.249 GC heap before
{Heap before GC invocations=15 (full 4):
 garbage-first heap   total 275456K, used 128413K [0x00000000c0000000, 0x0000000100000000)
  region size 1024K, 108 young (110592K), 1 survivors (1024K)
 Metaspace       used 14378K, capacity 14687K, committed 14848K, reserved 1062912K
  class space    used 1819K, capacity 1945K, committed 2048K, reserved 1048576K
}
Event: 2.254 GC heap after
{Heap after GC invocations=16 (full 4):
 garbage-first heap   total 275456K, used 24413K [0x00000000c0000000, 0x0000000100000000)
  region size 1024K, 6 young (6144K), 6 survivors (6144K)
 Metaspace       used 14378K, capacity 14687K, committed 14848K, reserved 1062912K
  class space    used 1819K, capacity 1945K, committed 2048K, reserved 1048576K
}
Event: 2.892 GC heap before
{Heap before GC invocations=16 (full 4):
 garbage-first heap   total 275456K, used 172893K [0x00000000c0000000, 0x0000000100000000)
  region size 1024K, 140 young (143360K), 6 survivors (6144K)
 Metaspace       used 14386K, capacity 14687K, committed 14848K, reserved 1062912K
  class space    used 1819K, capacity 1945K, committed 2048K, reserved 1048576K
}
Event: 2.905 GC heap after
{Heap after GC invocations=17 (full 4):
 garbage-first heap   total 275456K, used 43708K [0x00000000c0000000, 0x0000000100000000)
  region size 1024K, 13 young (13312K), 13 survivors (13312K)
 Metaspace       used 14386K, capacity 14687K, committed 14848K, reserved 1062912K
  class space    used 1819K, capacity 1945K, committed 2048K, reserved 1048576K
}
Event: 3.378 GC heap before
{Heap before GC invocations=17 (full 4):
 garbage-first heap   total 275456K, used 196284K [0x00000000c0000000, 0x0000000100000000)
  region size 1024K, 161 young (164864K), 13 survivors (13312K)
 Metaspace       used 16059K, capacity 16474K, committed 16640K, reserved 1062912K
  class space    used 2091K, capacity 2290K, committed 2304K, reserved 1048576K
}
Event: 3.397 GC heap after
{Heap after GC invocations=18 (full 4):
 garbage-first heap   total 275456K, used 64827K [0x00000000c0000000, 0x0000000100000000)
  region size 1024K, 21 young (21504K), 21 survivors (21504K)
 Metaspace       used 16059K, capacity 16474K, committed 16640K, reserved 1062912K
  class space    used 2091K, capacity 2290K, committed 2304K, reserved 1048576K
}
Event: 3.521 GC heap before
{Heap before GC invocations=18 (full 4):
 garbage-first heap   total 275456K, used 207163K [0x00000000c0000000, 0x0000000100000000)
  region size 1024K, 160 young (163840K), 21 survivors (21504K)
 Metaspace       used 16151K, capacity 16546K, committed 16640K, reserved 1062912K
  class space    used 2123K, capacity 2293K, committed 2304K, reserved 1048576K
}
Event: 3.541 GC heap after
{Heap after GC invocations=19 (full 4):
 garbage-first heap   total 275456K, used 80433K [0x00000000c0000000, 0x0000000100000000)
  region size 1024K, 17 young (17408K), 17 survivors (17408K)
 Metaspace       used 16151K, capacity 16546K, committed 16640K, reserved 1062912K
  class space    used 2123K, capacity 2293K, committed 2304K, reserved 1048576K
}
Event: 3.648 GC heap before
{Heap before GC invocations=19 (full 4):
 garbage-first heap   total 275456K, used 211505K [0x00000000c0000000, 0x0000000100000000)
  region size 1024K, 145 young (148480K), 17 survivors (17408K)
 Metaspace       used 16152K, capacity 16546K, committed 16640K, reserved 1062912K
  class space    used 2123K, capacity 2293K, committed 2304K, reserved 1048576K
}

